[     5.379] Warning: The directory "/usr/share/fonts/X11/cyrillic" does not exist.
[     5.379] Warning: The directory "/usr/share/fonts/X11/100dpi/" does not exist.
[     5.379] Warning: The directory "/usr/share/fonts/X11/75dpi/" does not exist.
[     5.379] Warning: The directory "/usr/share/fonts/X11/100dpi" does not exist.
[     5.379] Warning: The directory "/usr/share/fonts/X11/75dpi" does not exist.
[     5.618] Warning: Falling back to old probe method for modesetting
[     5.618] Warning: Falling back to old probe method for fbdev
[     5.919] Warning: NVIDIA(0): Unable to get display device for DPI computation.
[     6.231] Warning: NVIDIA(0): Option "PrimaryGPU" is not used
[     5.379] Information: The server relies on udev to provide the list of input devices.
[     5.379] Information: Loader magic: 0x55944d7be020
[     5.379] Information: Module ABI versions:
[     5.380] Information: systemd-logind: took control of session /org/freedesktop/login1/session/_31
[     5.381] Information: xfree86: Adding drm device (/dev/dri/card1)
[     5.381] Information: systemd-logind: got fd for /dev/dri/card1 226:1 fd 12 paused 0
[     5.382] Information: xfree86: Adding drm device (/dev/dri/card0)
[     5.382] Information: systemd-logind: got fd for /dev/dri/card0 226:0 fd 13 paused 0
[     5.384] Information: LoadModule: "glx"
[     5.385] Information: Loading /usr/lib/xorg/modules/extensions/libglx.so
[     5.393] Information: Module glx: vendor="X.Org Foundation"
[     5.393] Information: Applying OutputClass "nvidia" to /dev/dri/card1
[     5.393] Information: Applying OutputClass "Nvidia Prime" to /dev/dri/card1
[     5.602] Information: LoadModule: "nvidia"
[     5.602] Information: Loading /usr/lib/x86_64-linux-gnu/nvidia-418/xorg/nvidia_drv.so
[     5.608] Information: Module nvidia: vendor="NVIDIA Corporation"
[     5.608] Information: LoadModule: "nouveau"
[     5.608] Information: Loading /usr/lib/xorg/modules/drivers/nouveau_drv.so
[     5.610] Information: Module nouveau: vendor="X.Org Foundation"
[     5.610] Information: LoadModule: "modesetting"
[     5.610] Information: Loading /usr/lib/xorg/modules/drivers/modesetting_drv.so
[     5.611] Information: Module modesetting: vendor="X.Org Foundation"
[     5.611] Information: LoadModule: "fbdev"
[     5.611] Information: Loading /usr/lib/xorg/modules/drivers/fbdev_drv.so
[     5.612] Information: Module fbdev: vendor="X.Org Foundation"
[     5.612] Information: LoadModule: "vesa"
[     5.612] Information: Loading /usr/lib/xorg/modules/drivers/vesa_drv.so
[     5.612] Information: Module vesa: vendor="X.Org Foundation"
[     5.613] Information: NVIDIA dlloader X Driver  418.56  Fri Mar 15 12:37:35 CDT 2019
[     5.613] Information: NVIDIA Unified Driver for all Supported NVIDIA GPUs
[     5.613] Information: NOUVEAU driver Date:   Mon Jan 28 23:25:58 2019 -0500
[     5.613] Information: NOUVEAU driver for NVIDIA chipset families :
[     5.613] Information: modesetting: Driver for Modesetting Kernel Drivers: kms
[     5.614] Information: FBDEV: driver for framebuffer: fbdev
[     5.614] Information: VESA: driver for VESA chipsets: vesa
[     5.614] Information: systemd-logind: releasing fd for 226:1
[     5.614] Information: Loading sub module "fb"
[     5.614] Information: LoadModule: "fb"
[     5.615] Information: Loading /usr/lib/xorg/modules/libfb.so
[     5.615] Information: Module fb: vendor="X.Org Foundation"
[     5.615] Information: Loading sub module "wfb"
[     5.615] Information: LoadModule: "wfb"
[     5.615] Information: Loading /usr/lib/xorg/modules/libwfb.so
[     5.616] Information: Module wfb: vendor="X.Org Foundation"
[     5.616] Information: Loading sub module "ramdac"
[     5.616] Information: LoadModule: "ramdac"
[     5.616] Information: Module "ramdac" already built-in
[     5.618] Information: Loading sub module "fbdevhw"
[     5.618] Information: LoadModule: "fbdevhw"
[     5.618] Information: Loading /usr/lib/xorg/modules/libfbdevhw.so
[     5.619] Information: Module fbdevhw: vendor="X.Org Foundation"
[     5.619] Information: modeset(G0): using drv /dev/dri/card0
[     5.619] Information: NVIDIA(0): Creating default Display subsection in Screen section
[     5.619] Information: Applying OutputClass "nvidia" options to /dev/dri/card1
[     5.619] Information: Applying OutputClass "Nvidia Prime" options to /dev/dri/card1
[     5.620] Information: Loading sub module "glxserver_nvidia"
[     5.620] Information: LoadModule: "glxserver_nvidia"
[     5.620] Information: Loading /usr/lib/x86_64-linux-gnu/nvidia-418/xorg/libglxserver_nvidia.so
[     5.681] Information: Module glxserver_nvidia: vendor="NVIDIA Corporation"
[     5.682] Information: NVIDIA GLX Module  418.56  Fri Mar 15 12:36:35 CDT 2019
[     5.919] Information: NVIDIA(0): NVIDIA GPU GeForce GTX 1050 (GP107-A) at PCI:1:0:0 (GPU-0)
[     5.919] Information: NVIDIA(0): Detected PCI Express Link width: 16X
[     5.919] Information: NVIDIA(0): Validated MetaModes:
[     5.919] Information: NVIDIA(0):     "NULL"
[     5.919] Information: NVIDIA(0): Virtual screen size determined to be 640 x 480
[     5.919] Information: Loading sub module "glamoregl"
[     5.919] Information: LoadModule: "glamoregl"
[     5.919] Information: Loading /usr/lib/xorg/modules/libglamoregl.so
[     5.925] Information: Module glamoregl: vendor="X.Org Foundation"
[     5.981] Information: modeset(G0): glamor X acceleration enabled on Mesa DRI Intel(R) UHD Graphics 630 (Coffeelake 3x8 GT2) 
[     5.981] Information: modeset(G0): glamor initialized
[     5.982] Information: modeset(G0): Output eDP-1-1 has no monitor section
[     5.982] Information: modeset(G0): Output DP-1-1 has no monitor section
[     6.031] Information: modeset(G0): Output HDMI-1-1 has no monitor section
[     6.038] Information: modeset(G0): Output HDMI-1-2 has no monitor section
[     6.040] Information: modeset(G0): EDID for output eDP-1-1
[     6.040] Information: modeset(G0): Manufacturer: SDC  Model: 434b  Serial#: 0
[     6.040] Information: modeset(G0): Year: 2014  Week: 0
[     6.040] Information: modeset(G0): EDID Version: 1.3
[     6.040] Information: modeset(G0): Digital Display Input
[     6.040] Information: modeset(G0): DFP 1.x compatible TMDS
[     6.040] Information: modeset(G0): Max Image Size [cm]: horiz.: 34  vert.: 19
[     6.040] Information: modeset(G0): Gamma: 2.20
[     6.040] Information: modeset(G0): DPMS capabilities: StandBy Suspend Off
[     6.040] Information: modeset(G0): Supported color encodings: RGB 4:4:4 YCrCb 4:4:4 
[     6.040] Information: modeset(G0): First detailed timing is preferred mode
[     6.040] Information: modeset(G0): redX: 0.620 redY: 0.355   greenX: 0.300 greenY: 0.580
[     6.040] Information: modeset(G0): blueX: 0.150 blueY: 0.090   whiteX: 0.313 whiteY: 0.329
[     6.040] Information: modeset(G0): Manufacturer's mask: 0
[     6.040] Information: modeset(G0): Supported detailed timing:
[     6.040] Information: modeset(G0): clock: 526.9 MHz   Image Size:  344 x 194 mm
[     6.040] Information: modeset(G0): h_active: 3840  h_sync: 3888  h_sync_end 3920 h_blank_end 3956 h_border: 0
[     6.040] Information: modeset(G0): v_active: 2160  v_sync: 2162  v_sync_end 2167 v_blanking: 2220 v_border: 0
[     6.040] Information: modeset(G0): Unknown vendor-specific block f
[     6.040] Information: modeset(G0):  SAMSUNG
[     6.040] Information: modeset(G0):  156FL02-101
[     6.040] Information: modeset(G0): EDID (in hex):
[     6.040] Information: modeset(G0): 	00ffffffffffff004c834b4300000000
[     6.040] Information: modeset(G0): 	0018010395221378eace859e5b4c9426
[     6.040] Information: modeset(G0): 	17505400000001010101010101010101
[     6.040] Information: modeset(G0): 	010101010101d3cd0074f0703c803020
[     6.040] Information: modeset(G0): 	250058c2100000190000000f00000000
[     6.040] Information: modeset(G0): 	00000000003782054600000000fe0053
[     6.040] Information: modeset(G0): 	414d53554e470a204c83464c000000fe
[     6.040] Information: modeset(G0): 	00313536464c30322d3130310a20002b
[     6.040] Information: modeset(G0): Printing probed modes for output eDP-1-1
[     6.040] Information: modeset(G0): Modeline "3840x2160"x60.0  526.91  3840 3888 3920 3956  2160 2162 2167 2220 -hsync -vsync (133.2 kHz eP)
[     6.040] Information: modeset(G0): Modeline "3840x2160"x60.0  712.75  3840 4160 4576 5312  2160 2163 2168 2237 -hsync +vsync (134.2 kHz d)
[     6.040] Information: modeset(G0): Modeline "3840x2160"x60.0  533.00  3840 3888 3920 4000  2160 2163 2168 2222 +hsync -vsync (133.2 kHz d)
[     6.040] Information: modeset(G0): Modeline "3200x1800"x60.0  492.00  3200 3456 3800 4400  1800 1803 1808 1865 -hsync +vsync (111.8 kHz d)
[     6.040] Information: modeset(G0): Modeline "3200x1800"x59.9  373.00  3200 3248 3280 3360  1800 1803 1808 1852 +hsync -vsync (111.0 kHz d)
[     6.040] Information: modeset(G0): Modeline "2880x1620"x60.0  396.25  2880 3096 3408 3936  1620 1623 1628 1679 -hsync +vsync (100.7 kHz d)
[     6.040] Information: modeset(G0): Modeline "2880x1620"x60.0  303.75  2880 2928 2960 3040  1620 1623 1628 1666 +hsync -vsync (99.9 kHz d)
[     6.040] Information: modeset(G0): Modeline "2560x1600"x60.0  348.50  2560 2760 3032 3504  1600 1603 1609 1658 -hsync +vsync (99.5 kHz d)
[     6.040] Information: modeset(G0): Modeline "2560x1600"x60.0  268.50  2560 2608 2640 2720  1600 1603 1609 1646 +hsync -vsync (98.7 kHz d)
[     6.040] Information: modeset(G0): Modeline "2560x1440"x120.0  638.25  2560 2780 3064 3568  1440 1441 1444 1491 doublescan -hsync +vsync (178.9 kHz d)
[     6.040] Information: modeset(G0): Modeline "2560x1440"x120.0  469.12  2560 2584 2600 2640  1440 1441 1444 1481 doublescan +hsync -vsync (177.7 kHz d)
[     6.040] Information: modeset(G0): Modeline "2560x1440"x60.0  312.25  2560 2752 3024 3488  1440 1443 1448 1493 -hsync +vsync (89.5 kHz d)
[     6.040] Information: modeset(G0): Modeline "2560x1440"x60.0  241.50  2560 2608 2640 2720  1440 1443 1448 1481 +hsync -vsync (88.8 kHz d)
[     6.040] Information: modeset(G0): Modeline "2048x1536"x60.0  266.95  2048 2200 2424 2800  1536 1537 1540 1589 -hsync +vsync (95.3 kHz d)
[     6.040] Information: modeset(G0): Modeline "1920x1440"x60.0  234.00  1920 2048 2256 2600  1440 1441 1444 1500 -hsync +vsync (90.0 kHz d)
[     6.040] Information: modeset(G0): Modeline "1856x1392"x60.0  218.30  1856 1952 2176 2528  1392 1393 1396 1439 -hsync +vsync (86.4 kHz d)
[     6.040] Information: modeset(G0): Modeline "1792x1344"x60.0  204.80  1792 1920 2120 2448  1344 1345 1348 1394 -hsync +vsync (83.7 kHz d)
[     6.040] Information: modeset(G0): Modeline "2048x1152"x120.0  406.50  2048 2220 2444 2840  1152 1153 1156 1193 doublescan -hsync +vsync (143.1 kHz d)
[     6.040] Information: modeset(G0): Modeline "2048x1152"x120.0  302.50  2048 2072 2088 2128  1152 1153 1156 1185 doublescan +hsync -vsync (142.2 kHz d)
[     6.040] Information: modeset(G0): Modeline "2048x1152"x59.9  197.00  2048 2184 2400 2752  1152 1155 1160 1195 -hsync +vsync (71.6 kHz d)
[     6.040] Information: modeset(G0): Modeline "2048x1152"x59.9  156.75  2048 2096 2128 2208  1152 1155 1160 1185 +hsync -vsync (71.0 kHz d)
[     6.040] Information: modeset(G0): Modeline "1920x1200"x59.9  193.25  1920 2056 2256 2592  1200 1203 1209 1245 -hsync +vsync (74.6 kHz d)
[     6.040] Information: modeset(G0): Modeline "1920x1200"x60.0  154.00  1920 1968 2000 2080  1200 1203 1209 1235 +hsync -vsync (74.0 kHz d)
[     6.040] Information: modeset(G0): Modeline "1920x1080"x120.0  356.38  1920 2080 2288 2656  1080 1081 1084 1118 doublescan -hsync +vsync (134.2 kHz d)
[     6.040] Information: modeset(G0): Modeline "1920x1080"x119.9  266.50  1920 1944 1960 2000  1080 1081 1084 1111 doublescan +hsync -vsync (133.2 kHz d)
[     6.040] Information: modeset(G0): Modeline "1920x1080"x60.0  173.00  1920 2048 2248 2576  1080 1083 1088 1120 -hsync +vsync (67.2 kHz d)
[     6.040] Information: modeset(G0): Modeline "1920x1080"x59.9  138.50  1920 1968 2000 2080  1080 1083 1088 1111 +hsync -vsync (66.6 kHz d)
[     6.040] Information: modeset(G0): Modeline "1600x1200"x60.0  162.00  1600 1664 1856 2160  1200 1201 1204 1250 +hsync +vsync (75.0 kHz d)
[     6.040] Information: modeset(G0): Modeline "1680x1050"x60.0  146.25  1680 1784 1960 2240  1050 1053 1059 1089 -hsync +vsync (65.3 kHz d)
[     6.040] Information: modeset(G0): Modeline "1680x1050"x59.9  119.00  1680 1728 1760 1840  1050 1053 1059 1080 +hsync -vsync (64.7 kHz d)
[     6.040] Information: modeset(G0): Modeline "1600x1024"x60.2  103.12  1600 1600 1656 1664  1024 1024 1029 1030 +hsync +vsync (62.0 kHz d)
[     6.040] Information: modeset(G0): Modeline "1400x1050"x60.0  122.00  1400 1488 1640 1880  1050 1052 1064 1082 +hsync +vsync (64.9 kHz d)
[     6.040] Information: modeset(G0): Modeline "1600x900"x120.0  246.00  1600 1728 1900 2200  900 901 904 932 doublescan -hsync +vsync (111.8 kHz d)
[     6.040] Information: modeset(G0): Modeline "1600x900"x119.9  186.50  1600 1624 1640 1680  900 901 904 926 doublescan +hsync -vsync (111.0 kHz d)
[     6.040] Information: modeset(G0): Modeline "1600x900"x59.9  118.25  1600 1696 1856 2112  900 903 908 934 -hsync +vsync (56.0 kHz d)
[     6.040] Information: modeset(G0): Modeline "1600x900"x59.8   97.50  1600 1648 1680 1760  900 903 908 926 +hsync -vsync (55.4 kHz d)
[     6.040] Information: modeset(G0): Modeline "1280x1024"x60.0  108.00  1280 1328 1440 1688  1024 1025 1028 1066 +hsync +vsync (64.0 kHz d)
[     6.040] Information: modeset(G0): Modeline "1440x900"x59.9  106.50  1440 1520 1672 1904  900 903 909 934 -hsync +vsync (55.9 kHz d)
[     6.040] Information: modeset(G0): Modeline "1400x900"x60.0  103.50  1400 1480 1624 1848  900 903 913 934 -hsync +vsync (56.0 kHz d)
[     6.040] Information: modeset(G0): Modeline "1400x900"x59.9   86.50  1400 1448 1480 1560  900 903 913 926 +hsync -vsync (55.4 kHz d)
[     6.040] Information: modeset(G0): Modeline "1280x960"x60.0  108.00  1280 1376 1488 1800  960 961 964 1000 +hsync +vsync (60.0 kHz d)
[     6.040] Information: modeset(G0): Modeline "1440x810"x120.0  198.12  1440 1548 1704 1968  810 811 814 839 doublescan -hsync +vsync (100.7 kHz d)
[     6.040] Information: modeset(G0): Modeline "1440x810"x119.9  151.88  1440 1464 1480 1520  810 811 814 833 doublescan +hsync -vsync (99.9 kHz d)
[     6.040] Information: modeset(G0): Modeline "1368x768"x59.9   85.25  1368 1440 1576 1784  768 771 781 798 -hsync +vsync (47.8 kHz d)
[     6.040] Information: modeset(G0): Modeline "1368x768"x59.9   72.25  1368 1416 1448 1528  768 771 781 790 +hsync -vsync (47.3 kHz d)
[     6.040] Information: modeset(G0): Modeline "1360x768"x59.8   84.75  1360 1432 1568 1776  768 771 781 798 -hsync +vsync (47.7 kHz d)
[     6.040] Information: modeset(G0): Modeline "1360x768"x60.0   72.00  1360 1408 1440 1520  768 771 781 790 +hsync -vsync (47.4 kHz d)
[     6.040] Information: modeset(G0): Modeline "1280x800"x120.0  174.25  1280 1380 1516 1752  800 801 804 829 doublescan -hsync +vsync (99.5 kHz d)
[     6.040] Information: modeset(G0): Modeline "1280x800"x119.9  134.25  1280 1304 1320 1360  800 801 804 823 doublescan +hsync -vsync (98.7 kHz d)
[     6.040] Information: modeset(G0): Modeline "1280x800"x59.8   83.50  1280 1352 1480 1680  800 803 809 831 -hsync +vsync (49.7 kHz d)
[     6.040] Information: modeset(G0): Modeline "1280x800"x59.9   71.00  1280 1328 1360 1440  800 803 809 823 +hsync -vsync (49.3 kHz d)
[     6.040] Information: modeset(G0): Modeline "1152x864"x60.0   81.62  1152 1216 1336 1520  864 865 868 895 -hsync +vsync (53.7 kHz d)
[     6.040] Information: modeset(G0): Modeline "1280x720"x120.0  156.12  1280 1376 1512 1744  720 721 724 746 doublescan -hsync +vsync (89.5 kHz d)
[     6.040] Information: modeset(G0): Modeline "1280x720"x120.0  120.75  1280 1304 1320 1360  720 721 724 740 doublescan +hsync -vsync (88.8 kHz d)
[     6.040] Information: modeset(G0): Modeline "1280x720"x59.9   74.50  1280 1344 1472 1664  720 723 728 748 -hsync +vsync (44.8 kHz d)
[     6.040] Information: modeset(G0): Modeline "1280x720"x59.7   63.75  1280 1328 1360 1440  720 723 728 741 +hsync -vsync (44.3 kHz d)
[     6.041] Information: modeset(G0): Modeline "1024x768"x120.1  133.47  1024 1100 1212 1400  768 768 770 794 doublescan -hsync +vsync (95.3 kHz d)
[     6.041] Information: modeset(G0): Modeline "1024x768"x60.0   65.00  1024 1048 1184 1344  768 771 777 806 -hsync -vsync (48.4 kHz d)
[     6.041] Information: modeset(G0): Modeline "960x720"x120.0  117.00  960 1024 1128 1300  720 720 722 750 doublescan -hsync +vsync (90.0 kHz d)
[     6.041] Information: modeset(G0): Modeline "928x696"x120.1  109.15  928 976 1088 1264  696 696 698 719 doublescan -hsync +vsync (86.4 kHz d)
[     6.041] Information: modeset(G0): Modeline "896x672"x120.0  102.40  896 960 1060 1224  672 672 674 697 doublescan -hsync +vsync (83.7 kHz d)
[     6.041] Information: modeset(G0): Modeline "1024x576"x119.9   98.50  1024 1092 1200 1376  576 577 580 597 doublescan -hsync +vsync (71.6 kHz d)
[     6.041] Information: modeset(G0): Modeline "1024x576"x119.9   78.38  1024 1048 1064 1104  576 577 580 592 doublescan +hsync -vsync (71.0 kHz d)
[     6.041] Information: modeset(G0): Modeline "1024x576"x59.9   46.50  1024 1064 1160 1296  576 579 584 599 -hsync +vsync (35.9 kHz d)
[     6.041] Information: modeset(G0): Modeline "1024x576"x59.8   42.00  1024 1072 1104 1184  576 579 584 593 +hsync -vsync (35.5 kHz d)
[     6.041] Information: modeset(G0): Modeline "960x600"x119.9   96.62  960 1028 1128 1296  600 601 604 622 doublescan -hsync +vsync (74.6 kHz d)
[     6.041] Information: modeset(G0): Modeline "960x600"x120.0   77.00  960 984 1000 1040  600 601 604 617 doublescan +hsync -vsync (74.0 kHz d)
[     6.041] Information: modeset(G0): Modeline "960x540"x119.9   86.50  960 1024 1124 1288  540 541 544 560 doublescan -hsync +vsync (67.2 kHz d)
[     6.041] Information: modeset(G0): Modeline "960x540"x120.0   69.25  960 984 1000 1040  540 541 544 555 doublescan +hsync -vsync (66.6 kHz d)
[     6.041] Information: modeset(G0): Modeline "960x540"x59.6   40.75  960 992 1088 1216  540 543 548 562 -hsync +vsync (33.5 kHz d)
[     6.041] Information: modeset(G0): Modeline "960x540"x59.8   37.25  960 1008 1040 1120  540 543 548 556 +hsync -vsync (33.3 kHz d)
[     6.041] Information: modeset(G0): Modeline "800x600"x120.0   81.00  800 832 928 1080  600 600 602 625 doublescan +hsync +vsync (75.0 kHz d)
[     6.041] Information: modeset(G0): Modeline "800x600"x60.3   40.00  800 840 968 1056  600 601 605 628 +hsync +vsync (37.9 kHz d)
[     6.041] Information: modeset(G0): Modeline "800x600"x56.2   36.00  800 824 896 1024  600 601 603 625 +hsync +vsync (35.2 kHz d)
[     6.041] Information: modeset(G0): Modeline "840x525"x120.0   73.12  840 892 980 1120  525 526 529 544 doublescan -hsync +vsync (65.3 kHz d)
[     6.041] Information: modeset(G0): Modeline "840x525"x119.8   59.50  840 864 880 920  525 526 529 540 doublescan +hsync -vsync (64.7 kHz d)
[     6.041] Information: modeset(G0): Modeline "864x486"x59.9   32.50  864 888 968 1072  486 489 494 506 -hsync +vsync (30.3 kHz d)
[     6.041] Information: modeset(G0): Modeline "864x486"x59.6   30.50  864 912 944 1024  486 489 494 500 +hsync -vsync (29.8 kHz d)
[     6.041] Information: modeset(G0): Modeline "800x512"x120.3   51.56  800 800 828 832  512 512 514 515 doublescan +hsync +vsync (62.0 kHz d)
[     6.041] Information: modeset(G0): Modeline "700x525"x120.0   61.00  700 744 820 940  525 526 532 541 doublescan +hsync +vsync (64.9 kHz d)
[     6.041] Information: modeset(G0): Modeline "800x450"x119.9   59.12  800 848 928 1056  450 451 454 467 doublescan -hsync +vsync (56.0 kHz d)
[     6.041] Information: modeset(G0): Modeline "800x450"x119.6   48.75  800 824 840 880  450 451 454 463 doublescan +hsync -vsync (55.4 kHz d)
[     6.041] Information: modeset(G0): Modeline "640x512"x120.0   54.00  640 664 720 844  512 512 514 533 doublescan +hsync +vsync (64.0 kHz d)
[     6.041] Information: modeset(G0): Modeline "720x450"x119.8   53.25  720 760 836 952  450 451 454 467 doublescan -hsync +vsync (55.9 kHz d)
[     6.041] Information: modeset(G0): Modeline "700x450"x119.9   51.75  700 740 812 924  450 451 456 467 doublescan -hsync +vsync (56.0 kHz d)
[     6.041] Information: modeset(G0): Modeline "700x450"x119.8   43.25  700 724 740 780  450 451 456 463 doublescan +hsync -vsync (55.4 kHz d)
[     6.041] Information: modeset(G0): Modeline "640x480"x120.0   54.00  640 688 744 900  480 480 482 500 doublescan +hsync +vsync (60.0 kHz d)
[     6.041] Information: modeset(G0): Modeline "640x480"x59.9   25.18  640 656 752 800  480 490 492 525 -hsync -vsync (31.5 kHz d)
[     6.041] Information: modeset(G0): Modeline "720x405"x59.5   22.50  720 744 808 896  405 408 413 422 -hsync +vsync (25.1 kHz d)
[     6.041] Information: modeset(G0): Modeline "720x405"x59.0   21.75  720 768 800 880  405 408 413 419 +hsync -vsync (24.7 kHz d)
[     6.041] Information: modeset(G0): Modeline "684x384"x119.8   42.62  684 720 788 892  384 385 390 399 doublescan -hsync +vsync (47.8 kHz d)
[     6.041] Information: modeset(G0): Modeline "684x384"x119.7   36.12  684 708 724 764  384 385 390 395 doublescan +hsync -vsync (47.3 kHz d)
[     6.041] Information: modeset(G0): Modeline "680x384"x119.6   42.38  680 716 784 888  384 385 390 399 doublescan -hsync +vsync (47.7 kHz d)
[     6.041] Information: modeset(G0): Modeline "680x384"x119.9   36.00  680 704 720 760  384 385 390 395 doublescan +hsync -vsync (47.4 kHz d)
[     6.041] Information: modeset(G0): Modeline "640x400"x119.8   41.75  640 676 740 840  400 401 404 415 doublescan -hsync +vsync (49.7 kHz d)
[     6.041] Information: modeset(G0): Modeline "640x400"x120.0   35.50  640 664 680 720  400 401 404 411 doublescan +hsync -vsync (49.3 kHz d)
[     6.041] Information: modeset(G0): Modeline "576x432"x120.1   40.81  576 608 668 760  432 432 434 447 doublescan -hsync +vsync (53.7 kHz d)
[     6.041] Information: modeset(G0): Modeline "640x360"x119.7   37.25  640 672 736 832  360 361 364 374 doublescan -hsync +vsync (44.8 kHz d)
[     6.041] Information: modeset(G0): Modeline "640x360"x119.7   31.88  640 664 680 720  360 361 364 370 doublescan +hsync -vsync (44.3 kHz d)
[     6.041] Information: modeset(G0): Modeline "640x360"x59.8   18.00  640 664 720 800  360 363 368 376 -hsync +vsync (22.5 kHz d)
[     6.041] Information: modeset(G0): Modeline "640x360"x59.3   17.75  640 688 720 800  360 363 368 374 +hsync -vsync (22.2 kHz d)
[     6.041] Information: modeset(G0): Modeline "512x384"x120.0   32.50  512 524 592 672  384 385 388 403 doublescan -hsync -vsync (48.4 kHz d)
[     6.041] Information: modeset(G0): Modeline "512x288"x120.0   23.25  512 532 580 648  288 289 292 299 doublescan -hsync +vsync (35.9 kHz d)
[     6.041] Information: modeset(G0): Modeline "512x288"x119.8   21.00  512 536 552 592  288 289 292 296 doublescan +hsync -vsync (35.5 kHz d)
[     6.041] Information: modeset(G0): Modeline "480x270"x119.3   20.38  480 496 544 608  270 271 274 281 doublescan -hsync +vsync (33.5 kHz d)
[     6.041] Information: modeset(G0): Modeline "480x270"x119.6   18.62  480 504 520 560  270 271 274 278 doublescan +hsync -vsync (33.3 kHz d)
[     6.041] Information: modeset(G0): Modeline "400x300"x120.6   20.00  400 420 484 528  300 300 302 314 doublescan +hsync +vsync (37.9 kHz d)
[     6.041] Information: modeset(G0): Modeline "400x300"x112.7   18.00  400 412 448 512  300 300 301 312 doublescan +hsync +vsync (35.2 kHz d)
[     6.041] Information: modeset(G0): Modeline "432x243"x119.8   16.25  432 444 484 536  243 244 247 253 doublescan -hsync +vsync (30.3 kHz d)
[     6.041] Information: modeset(G0): Modeline "432x243"x119.1   15.25  432 456 472 512  243 244 247 250 doublescan +hsync -vsync (29.8 kHz d)
[     6.041] Information: modeset(G0): Modeline "320x240"x120.1   12.59  320 328 376 400  240 245 246 262 doublescan -hsync -vsync (31.5 kHz d)
[     6.041] Information: modeset(G0): Modeline "360x202"x119.0   11.25  360 372 404 448  202 204 206 211 doublescan -hsync +vsync (25.1 kHz d)
[     6.041] Information: modeset(G0): Modeline "360x202"x118.3   10.88  360 384 400 440  202 204 206 209 doublescan +hsync -vsync (24.7 kHz d)
[     6.041] Information: modeset(G0): Modeline "320x180"x119.7    9.00  320 332 360 400  180 181 184 188 doublescan -hsync +vsync (22.5 kHz d)
[     6.041] Information: modeset(G0): Modeline "320x180"x118.6    8.88  320 344 360 400  180 181 184 187 doublescan +hsync -vsync (22.2 kHz d)
[     6.041] Information: modeset(G0): EDID for output DP-1-1
[     6.089] Information: modeset(G0): EDID for output HDMI-1-1
[     6.095] Information: modeset(G0): EDID for output HDMI-1-2
[     6.095] Information: Loading sub module "fb"
[     6.095] Information: LoadModule: "fb"
[     6.095] Information: Loading /usr/lib/xorg/modules/libfb.so
[     6.095] Information: Module fb: vendor="X.Org Foundation"
[     6.095] Information: UnloadModule: "nouveau"
[     6.095] Information: Unloading nouveau
[     6.095] Information: UnloadModule: "fbdev"
[     6.095] Information: Unloading fbdev
[     6.095] Information: UnloadSubModule: "fbdevhw"
[     6.095] Information: Unloading fbdevhw
[     6.095] Information: UnloadModule: "vesa"
[     6.095] Information: Unloading vesa
[     6.211] Information: modeset(G0): Initializing kms color map for depth 24, 8 bpc.
[     6.212] Information: modeset(G0): [DRI2] Setup complete
[     6.212] Information: modeset(G0): [DRI2]   DRI driver: i965
[     6.212] Information: modeset(G0): [DRI2]   VDPAU driver: i965
[     6.212] Information: NVIDIA: Using 24576.00 MB of virtual memory for indirect memory
[     6.212] Information: NVIDIA:     access.
[     6.228] Information: NVIDIA(0): Setting mode "NULL"
[     6.231] Information: Loading sub module "dri2"
[     6.231] Information: LoadModule: "dri2"
[     6.231] Information: Module "dri2" already built-in
[     6.231] Information: NVIDIA(0): [DRI2] Setup complete
[     6.231] Information: NVIDIA(0): [DRI2]   VDPAU driver: nvidia
[     6.231] Information: Initializing extension Generic Event Extension
[     6.231] Information: Initializing extension SHAPE
[     6.231] Information: Initializing extension MIT-SHM
[     6.231] Information: Initializing extension XInputExtension
[     6.232] Information: Initializing extension XTEST
[     6.232] Information: Initializing extension BIG-REQUESTS
[     6.232] Information: Initializing extension SYNC
[     6.232] Information: Initializing extension XKEYBOARD
[     6.233] Information: Initializing extension XC-MISC
[     6.233] Information: Initializing extension SECURITY
[     6.233] Information: Initializing extension XFIXES
[     6.233] Information: Initializing extension RENDER
[     6.233] Information: Initializing extension RANDR
[     6.233] Information: Initializing extension COMPOSITE
[     6.233] Information: Initializing extension DAMAGE
[     6.233] Information: Initializing extension MIT-SCREEN-SAVER
[     6.233] Information: Initializing extension DOUBLE-BUFFER
[     6.233] Information: Initializing extension RECORD
[     6.234] Information: Initializing extension DPMS
[     6.234] Information: Initializing extension Present
[     6.234] Information: Initializing extension DRI3
[     6.234] Information: Initializing extension X-Resource
[     6.234] Information: Initializing extension XVideo
[     6.234] Information: Initializing extension XVideo-MotionCompensation
[     6.234] Information: Initializing extension SELinux
[     6.234] Information: SELinux: Disabled on system
[     6.234] Information: Initializing extension GLX
[     6.234] Information: Initializing extension GLX
[     6.234] Information: Indirect GLX disabled.
[     6.234] Information: GLX: Another vendor is already registered for screen 0
[     6.234] Information: Initializing extension XFree86-VidModeExtension
[     6.234] Information: Initializing extension XFree86-DGA
[     6.234] Information: Initializing extension XFree86-DRI
[     6.235] Information: Initializing extension DRI2
[     6.235] Information: Initializing extension NV-GLX
[     6.235] Information: Initializing extension NV-CONTROL
[     6.503] Information: modeset(G0): Damage tracking initialized
[     6.550] Information: config/udev: Adding input device Power Button (/dev/input/event3)
[     6.550] Information: LoadModule: "libinput"
[     6.550] Information: Loading /usr/lib/xorg/modules/input/libinput_drv.so
[     6.554] Information: Module libinput: vendor="X.Org Foundation"
[     6.554] Information: Using input driver 'libinput' for 'Power Button'
[     6.555] Information: systemd-logind: got fd for /dev/input/event3 13:67 fd 44 paused 0
[     6.558] Information: event3  - Power Button: is tagged by udev as: Keyboard
[     6.558] Information: event3  - Power Button: device is a keyboard
[     6.558] Information: event3  - Power Button: device removed
[     6.558] Information: XINPUT: Adding extended input device "Power Button" (type: KEYBOARD, id 6)
[     6.569] Information: event3  - Power Button: is tagged by udev as: Keyboard
[     6.569] Information: event3  - Power Button: device is a keyboard
[     6.570] Information: config/udev: Adding input device Asus Wireless Radio Control (/dev/input/event7)
[     6.570] Information: Using input driver 'libinput' for 'Asus Wireless Radio Control'
[     6.570] Information: systemd-logind: got fd for /dev/input/event7 13:71 fd 47 paused 0
[     6.571] Information: event7  - Asus Wireless Radio Control: is tagged by udev as: Keyboard
[     6.571] Information: event7  - Asus Wireless Radio Control: device is a keyboard
[     6.571] Information: event7  - Asus Wireless Radio Control: device removed
[     6.571] Information: XINPUT: Adding extended input device "Asus Wireless Radio Control" (type: KEYBOARD, id 7)
[     6.572] Information: event7  - Asus Wireless Radio Control: is tagged by udev as: Keyboard
[     6.572] Information: event7  - Asus Wireless Radio Control: device is a keyboard
[     6.572] Information: config/udev: Adding input device Lid Switch (/dev/input/event0)
[     6.572] Information: No input driver specified, ignoring this device.
[     6.572] Information: This device may have been added with another device file.
[     6.573] Information: config/udev: Adding input device Power Button (/dev/input/event2)
[     6.573] Information: Using input driver 'libinput' for 'Power Button'
[     6.573] Information: systemd-logind: got fd for /dev/input/event2 13:66 fd 48 paused 0
[     6.574] Information: event2  - Power Button: is tagged by udev as: Keyboard
[     6.574] Information: event2  - Power Button: device is a keyboard
[     6.574] Information: event2  - Power Button: device removed
[     6.574] Information: XINPUT: Adding extended input device "Power Button" (type: KEYBOARD, id 8)
[     6.575] Information: event2  - Power Button: is tagged by udev as: Keyboard
[     6.575] Information: event2  - Power Button: device is a keyboard
[     6.575] Information: config/udev: Adding input device Sleep Button (/dev/input/event1)
[     6.575] Information: Using input driver 'libinput' for 'Sleep Button'
[     6.576] Information: systemd-logind: got fd for /dev/input/event1 13:65 fd 49 paused 0
[     6.576] Information: event1  - Sleep Button: is tagged by udev as: Keyboard
[     6.576] Information: event1  - Sleep Button: device is a keyboard
[     6.576] Information: event1  - Sleep Button: device removed
[     6.576] Information: XINPUT: Adding extended input device "Sleep Button" (type: KEYBOARD, id 9)
[     6.577] Information: event1  - Sleep Button: is tagged by udev as: Keyboard
[     6.577] Information: event1  - Sleep Button: device is a keyboard
[     6.577] Information: config/udev: Adding input device USB2.0 HD UVC WebCam: USB2.0 HD (/dev/input/event8)
[     6.577] Information: Using input driver 'libinput' for 'USB2.0 HD UVC WebCam: USB2.0 HD'
[     6.578] Information: systemd-logind: got fd for /dev/input/event8 13:72 fd 50 paused 0
[     6.578] Information: event8  - USB2.0 HD UVC WebCam: USB2.0 HD: is tagged by udev as: Keyboard
[     6.578] Information: event8  - USB2.0 HD UVC WebCam: USB2.0 HD: device is a keyboard
[     6.579] Information: event8  - USB2.0 HD UVC WebCam: USB2.0 HD: device removed
[     6.579] Information: XINPUT: Adding extended input device "USB2.0 HD UVC WebCam: USB2.0 HD" (type: KEYBOARD, id 10)
[     6.579] Information: event8  - USB2.0 HD UVC WebCam: USB2.0 HD: is tagged by udev as: Keyboard
[     6.579] Information: event8  - USB2.0 HD UVC WebCam: USB2.0 HD: device is a keyboard
[     6.580] Information: config/udev: Adding input device ELAN1300:00 04F3:3057 Touchpad (/dev/input/event15)
[     6.580] Information: Using input driver 'libinput' for 'ELAN1300:00 04F3:3057 Touchpad'
[     6.690] Information: systemd-logind: got fd for /dev/input/event15 13:79 fd 51 paused 0
[     6.691] Information: event15 - ELAN1300:00 04F3:3057 Touchpad: is tagged by udev as: Touchpad
[     6.691] Information: event15 - ELAN1300:00 04F3:3057 Touchpad: device is a touchpad
[     6.691] Information: event15 - ELAN1300:00 04F3:3057 Touchpad: device removed
[     6.692] Information: XINPUT: Adding extended input device "ELAN1300:00 04F3:3057 Touchpad" (type: TOUCHPAD, id 11)
[     6.693] Information: event15 - ELAN1300:00 04F3:3057 Touchpad: is tagged by udev as: Touchpad
[     6.694] Information: event15 - ELAN1300:00 04F3:3057 Touchpad: device is a touchpad
[     6.694] Information: config/udev: Adding input device ELAN1300:00 04F3:3057 Touchpad (/dev/input/mouse0)
[     6.694] Information: No input driver specified, ignoring this device.
[     6.694] Information: This device may have been added with another device file.
[     6.694] Information: config/udev: Adding input device HDA Intel PCH Mic (/dev/input/event6)
[     6.694] Information: No input driver specified, ignoring this device.
[     6.694] Information: This device may have been added with another device file.
[     6.694] Information: config/udev: Adding input device HDA Intel PCH Headphone (/dev/input/event9)
[     6.694] Information: No input driver specified, ignoring this device.
[     6.694] Information: This device may have been added with another device file.
[     6.695] Information: config/udev: Adding input device HDA Intel PCH HDMI/DP,pcm=3 (/dev/input/event10)
[     6.695] Information: No input driver specified, ignoring this device.
[     6.695] Information: This device may have been added with another device file.
[     6.695] Information: config/udev: Adding input device HDA Intel PCH HDMI/DP,pcm=7 (/dev/input/event11)
[     6.695] Information: No input driver specified, ignoring this device.
[     6.695] Information: This device may have been added with another device file.
[     6.695] Information: config/udev: Adding input device HDA Intel PCH HDMI/DP,pcm=8 (/dev/input/event12)
[     6.695] Information: No input driver specified, ignoring this device.
[     6.695] Information: This device may have been added with another device file.
[     6.695] Information: config/udev: Adding input device HDA Intel PCH HDMI/DP,pcm=9 (/dev/input/event13)
[     6.695] Information: No input driver specified, ignoring this device.
[     6.695] Information: This device may have been added with another device file.
[     6.695] Information: config/udev: Adding input device HDA Intel PCH HDMI/DP,pcm=10 (/dev/input/event14)
[     6.695] Information: No input driver specified, ignoring this device.
[     6.695] Information: This device may have been added with another device file.
[     6.696] Information: config/udev: Adding input device Asus WMI hotkeys (/dev/input/event5)
[     6.696] Information: Using input driver 'libinput' for 'Asus WMI hotkeys'
[     6.696] Information: systemd-logind: got fd for /dev/input/event5 13:69 fd 52 paused 0
[     6.697] Information: event5  - Asus WMI hotkeys: is tagged by udev as: Keyboard
[     6.697] Information: event5  - Asus WMI hotkeys: device is a keyboard
[     6.697] Information: event5  - Asus WMI hotkeys: device removed
[     6.697] Information: XINPUT: Adding extended input device "Asus WMI hotkeys" (type: KEYBOARD, id 12)
[     6.697] Information: event5  - Asus WMI hotkeys: is tagged by udev as: Keyboard
[     6.697] Information: event5  - Asus WMI hotkeys: device is a keyboard
[     6.697] Information: config/udev: Adding input device AT Translated Set 2 keyboard (/dev/input/event4)
[     6.697] Information: Using input driver 'libinput' for 'AT Translated Set 2 keyboard'
[     6.698] Information: systemd-logind: got fd for /dev/input/event4 13:68 fd 53 paused 0
[     6.698] Information: event4  - AT Translated Set 2 keyboard: is tagged by udev as: Keyboard
[     6.698] Information: event4  - AT Translated Set 2 keyboard: device is a keyboard
[     6.699] Information: event4  - AT Translated Set 2 keyboard: device removed
[     6.699] Information: XINPUT: Adding extended input device "AT Translated Set 2 keyboard" (type: KEYBOARD, id 13)
[     6.699] Information: event4  - AT Translated Set 2 keyboard: is tagged by udev as: Keyboard
[     6.699] Information: event4  - AT Translated Set 2 keyboard: device is a keyboard
