/usr/bin/python2.7
/bin/sh
/bin/sh
/bin/sh
/usr/bin/python3
/bin/sh
/bin/sh
/bin/sh
/bin/sh -e
/usr/bin/python3
/bin/sh -e
/usr/bin/python3
/usr/bin/python3
/usr/bin/python3
/bin/sh
/bin/sh
/usr/bin/python3
/usr/bin/perl
/bin/sh -
/usr/bin/python3
/usr/bin/python3
/usr/bin/python3
/usr/bin/python3
/usr/bin/python3
/usr/bin/python3
/usr/bin/python3
/usr/bin/python3
/bin/sh
/bin/sh
/bin/sh
/bin/sh
/bin/sh
/bin/sh
/bin/sh
/bin/sh
/bin/sh
/bin/sh
/bin/sh
/bin/sh
/bin/sh
/bin/sh
/bin/bash
/usr/bin/python3
/usr/bin/python3
/usr/bin/python3
/usr/bin/perl
/usr/bin/perl
/usr/bin/perl
/usr/bin/perl
/usr/bin/perl5.28-x86_64-linux-gnu
/usr/bin/perl
/usr/bin/perl
/usr/bin/perl -w
/usr/bin/perl -w
/usr/bin/perl -w
/usr/bin/perl -w
/usr/bin/perl -w
/usr/bin/perl
/usr/bin/perl
/usr/bin/perl
/usr/bin/perl
/bin/sh
/usr/bin/perl -w
/usr/bin/perl -w
/usr/bin/perl
/usr/bin/python
/usr/bin/perl
/usr/bin/python3
/usr/bin/perl
/usr/bin/perl
/usr/bin/perl
/usr/bin/perl
/usr/bin/perl
/usr/bin/perl
/usr/bin/perl
/usr/bin/perl
/usr/bin/perl
/bin/sh
/usr/bin/perl
/usr/bin/perl
/usr/bin/perl
/usr/bin/perl
/usr/bin/perl
/usr/bin/perl
/usr/bin/perl
/usr/bin/perl
/bin/sh
/usr/bin/perl
/bin/bash
/bin/sh
/usr/bin/perl
/usr/bin/perl
/bin/sh
/usr/bin/perl -w
/bin/sh
/bin/sh
/bin/sh
/bin/sh
/usr/bin/perl -w
/bin/sh
/bin/sh
/bin/sh
/bin/sh
/bin/sh
/bin/sh
/bin/sh
/bin/sh
/bin/sh
/bin/sh
/bin/sh
/usr/bin/env bash
/bin/sh
/bin/sh
/usr/bin/python3
/usr/bin/python3
/usr/bin/perl
/usr/bin/perl -w
/usr/bin/perl
/usr/bin/perl
/bin/sh
/bin/sh
/usr/bin/python3
/bin/sh
/bin/sh
/bin/sh
/usr/bin/python3
/usr/bin/python3
/usr/bin/python3
/usr/bin/perl -w
/bin/bash
/bin/bash
/bin/bash
/bin/sh
/usr/bin/perl
/bin/sh
/bin/sh
/bin/sh
/bin/sh
/bin/sh
/bin/sh
/bin/sh
/bin/sh
/bin/sh
/bin/sh
/bin/sh
/bin/sh
/bin/sh
/bin/sh
/bin/sh
/bin/sh
/bin/sh
/bin/sh
/bin/sh
/bin/sh
/bin/sh
/bin/sh
/bin/sh
/bin/sh
/bin/sh
/bin/sh
/bin/sh
/usr/bin/perl
/usr/bin/perl
/usr/bin/perl
/usr/bin/perl
/usr/bin/python3
/usr/bin/python3
/usr/bin/python3
/usr/bin/python3
/usr/bin/python3
/usr/bin/python
/usr/bin/python3
/usr/bin/python3
/usr/bin/python3
/usr/bin/python
/usr/bin/python3
/usr/bin/python3
/usr/bin/python3
/bin/sh
/usr/bin/python3
/usr/bin/python3
/usr/bin/python3
/usr/bin/python3
/usr/bin/python3
/usr/bin/python3
/usr/bin/python3
/bin/sh
/bin/sh
/bin/sh
/bin/sh
/bin/sh -e
/bin/sh
/bin/sh
/usr/bin/perl
/usr/bin/perl -w
/usr/bin/perl
/bin/bash
/usr/bin/python3
/bin/sh
/bin/sh -e
/bin/bash
/bin/bash
/bin/sh
/bin/sh
/usr/bin/perl
/bin/sh
/usr/bin/perl -w
/usr/bin/perl -w
/bin/sh
/usr/bin/perl
/usr/bin/perl
/usr/bin/perl
/bin/sh
/bin/sh
/bin/sh
/bin/sh
/bin/sh
/bin/sh
/bin/sh -
/bin/sh
/bin/sh
/usr/bin/python3 -Es
/bin/sh
/bin/sh
/usr/bin/perl
/usr/bin/perl
/usr/bin/perl
/usr/bin/perl
/bin/sh
/bin/sh
/bin/sh
/bin/sh
/bin/sh
/bin/sh
/bin/sh
/bin/sh
/bin/sh
/bin/sh
/usr/bin/perl
/bin/sh
/bin/sh
/bin/bash
/usr/bin/perl
/usr/bin/perl
/bin/sh
/bin/sh
/bin/sh -e
/bin/sh -e
/usr/bin/perl
/bin/sh
/bin/sh
/bin/sh
/bin/sh
/usr/bin/python3
/bin/sh
/bin/sh
/usr/bin/python3
/bin/sh
/usr/bin/python3
/bin/sh
/bin/sh
/bin/sh
/bin/sh
/bin/sh
/usr/bin/perl
/usr/bin/python2.7
/usr/bin/python2.7
/usr/bin/python2.7
/usr/bin/python3.7
/usr/bin/python3.7
/bin/sh
/bin/sh
/usr/bin/perl
/bin/sh
/usr/bin/perl
/usr/bin/perl
/usr/bin/perl
/bin/sh
/bin/sh
/usr/bin/perl
/usr/bin/perl
/bin/sh
/bin/sh
/bin/sh
/bin/bash
/bin/sh
/bin/sh
/usr/bin/perl -w
/usr/bin/perl
/usr/bin/perl
/usr/bin/perl
/usr/bin/perl
/usr/bin/perl
/usr/bin/perl
/bin/sh
/bin/sh
/usr/bin/perl
/bin/sh
/usr/bin/perl -w
/bin/bash
/usr/bin/perl -wl
/usr/bin/perl
/bin/sh
/bin/sh
/bin/sh
/bin/sh
/usr/bin/python3
/bin/sh
/usr/bin/perl
/bin/sh
/bin/sh
/usr/bin/perl
/bin/sh
/bin/sh
/bin/sh
/bin/sh
/bin/sh
/bin/sh
/bin/sh
/bin/sh
/bin/sh
/bin/sh
/usr/bin/perl
/usr/bin/perl
/usr/bin/perl
/usr/bin/python3
/usr/bin/python3
/usr/bin/python3
/usr/bin/python2
/usr/bin/python2
/usr/bin/python2.7
/usr/bin/python2.7
/usr/bin/python2.7
/usr/bin/python3.7
/usr/bin/python3.7
/usr/bin/python2.7
/usr/bin/python2.7
/usr/bin/python2.7
/usr/bin/python3.7
/usr/bin/python3.7
/usr/bin/python3
/usr/bin/python2
/usr/bin/python3
/usr/bin/perl
/bin/sh
/bin/sh -e
/bin/sh -e
/bin/sh -e
/bin/sh -e
/bin/sh
/bin/sh
/bin/sh
/bin/sh
/bin/sh
/bin/sh
/usr/bin/perl
/bin/sh
/bin/sh
/bin/sh
/usr/bin/perl
/usr/bin/perl -w
/bin/sh
/bin/sh
/bin/sh
/bin/sh
/bin/sh
/usr/bin/perl
/bin/sh
/usr/bin/python3
/bin/bash
/usr/bin/python3
/usr/bin/perl -w
/usr/bin/perl
/usr/bin/perl
/bin/sh
/bin/sh
/bin/sh
/bin/sh
/bin/sh
/usr/bin/perl
/bin/sh
/bin/sh
/bin/sh
/bin/bash
/usr/bin/python3
/usr/bin/python3
/bin/sh -e
/usr/bin/python3
/usr/bin/python3
/bin/bash
/usr/bin/perl
/bin/bash
/usr/bin/python3
/usr/bin/python3
/bin/sh
/bin/sh
/bin/sh
/bin/sh
/bin/sh
/usr/bin/perl
/usr/bin/python3
/usr/bin/perl
/usr/bin/python3
/bin/bash
/bin/sh
/bin/sh
/bin/sh
/bin/sh -e
/bin/sh -e
/bin/sh -e
/bin/sh -e
/bin/sh -e
/bin/sh -e
/bin/sh -e
/bin/sh -e
/bin/sh -e
/bin/sh -e
/bin/sh -e
/bin/sh -e
/bin/sh -e
/bin/sh -e
/bin/sh -e
/bin/sh -e
/bin/sh
/bin/sh
/bin/sh
/bin/sh
/bin/sh
/bin/sh
/bin/sh
/bin/sh
/bin/sh
/bin/sh
/bin/sh
/bin/sh
/usr/bin/env nickle
/bin/sh
/bin/sh
/usr/bin/perl
/usr/bin/perl -w
/bin/bash
/bin/sh
/bin/sh
/bin/sh
/bin/sh
/bin/sh
/bin/sh
/bin/sh
/bin/sh
/bin/sh
/bin/sh
/bin/sh
/bin/sh
/bin/sh
/bin/sh
/usr/bin/perl
/bin/sh
/bin/sh
/bin/sh
/bin/sh
