0 root
1 daemon
2 bin
3 sys
4 sync
5 games
6 man
7 lp
8 mail
9 news
10 uucp
13 proxy
33 www-data
34 backup
38 list
39 irc
41 gnats
65534 nobody
100 systemd-timesync
101 systemd-network
102 systemd-resolve
103 messagebus
104 syslog
105 _apt
106 uuidd
107 avahi-autoipd
108 usbmux
109 rtkit
110 dnsmasq
111 cups-pk-helper
112 speech-dispatcher
113 kernoops
114 avahi
115 saned
116 nm-openvpn
117 whoopsie
118 colord
119 hplip
120 geoclue
121 pulse
122 gnome-initial-setup
123 gdm
1000 natalem
124 nvidia-persistenced
999 systemd-coredump
998 tomcat
125 stunnel4
0 root
1 daemon
2 bin
3 sys
4 sync
5 games
6 man
7 lp
8 mail
9 news
10 uucp
13 proxy
33 www-data
34 backup
38 list
39 irc
41 gnats
65534 nobody
100 systemd-timesync
101 systemd-network
102 systemd-resolve
103 messagebus
104 syslog
105 _apt
106 uuidd
107 avahi-autoipd
108 usbmux
109 rtkit
110 dnsmasq
111 cups-pk-helper
112 speech-dispatcher
113 kernoops
114 avahi
115 saned
116 nm-openvpn
117 whoopsie
118 colord
119 hplip
120 geoclue
121 pulse
122 gnome-initial-setup
123 gdm
1000 natalem
124 nvidia-persistenced
999 systemd-coredump
998 tomcat
125 stunnel4
0 root
1 daemon
2 bin
3 sys
4 sync
5 games
6 man
7 lp
8 mail
9 news
10 uucp
13 proxy
33 www-data
34 backup
38 list
39 irc
41 gnats
65534 nobody
100 systemd-timesync
101 systemd-network
102 systemd-resolve
103 messagebus
104 syslog
105 _apt
106 uuidd
107 avahi-autoipd
108 usbmux
109 rtkit
110 dnsmasq
111 cups-pk-helper
112 speech-dispatcher
113 kernoops
114 avahi
115 saned
116 nm-openvpn
117 whoopsie
118 colord
119 hplip
120 geoclue
121 pulse
122 gnome-initial-setup
123 gdm
1000 natalem
124 nvidia-persistenced
999 systemd-coredump
998 tomcat
125 stunnel4
0 root
1 daemon
2 bin
3 sys
4 sync
5 games
6 man
7 lp
8 mail
9 news
10 uucp
13 proxy
33 www-data
34 backup
38 list
39 irc
41 gnats
65534 nobody
100 systemd-timesync
101 systemd-network
102 systemd-resolve
103 messagebus
104 syslog
105 _apt
106 uuidd
107 avahi-autoipd
108 usbmux
109 rtkit
110 dnsmasq
111 cups-pk-helper
112 speech-dispatcher
113 kernoops
114 avahi
115 saned
116 nm-openvpn
117 whoopsie
118 colord
119 hplip
120 geoclue
121 pulse
122 gnome-initial-setup
123 gdm
1000 natalem
124 nvidia-persistenced
999 systemd-coredump
998 tomcat
125 stunnel4
0 root
1 daemon
2 bin
3 sys
4 sync
5 games
6 man
7 lp
8 mail
9 news
10 uucp
13 proxy
33 www-data
34 backup
38 list
39 irc
41 gnats
65534 nobody
100 systemd-timesync
101 systemd-network
102 systemd-resolve
103 messagebus
104 syslog
105 _apt
106 uuidd
107 avahi-autoipd
108 usbmux
109 rtkit
110 dnsmasq
111 cups-pk-helper
112 speech-dispatcher
113 kernoops
114 avahi
115 saned
116 nm-openvpn
117 whoopsie
118 colord
119 hplip
120 geoclue
121 pulse
122 gnome-initial-setup
123 gdm
1000 natalem
124 nvidia-persistenced
999 systemd-coredump
998 tomcat
125 stunnel4
0 root
1 daemon
2 bin
3 sys
4 sync
5 games
6 man
7 lp
8 mail
9 news
10 uucp
13 proxy
33 www-data
34 backup
38 list
39 irc
41 gnats
65534 nobody
100 systemd-timesync
101 systemd-network
102 systemd-resolve
103 messagebus
104 syslog
105 _apt
106 uuidd
107 avahi-autoipd
108 usbmux
109 rtkit
110 dnsmasq
111 cups-pk-helper
112 speech-dispatcher
113 kernoops
114 avahi
115 saned
116 nm-openvpn
117 whoopsie
118 colord
119 hplip
120 geoclue
121 pulse
122 gnome-initial-setup
123 gdm
1000 natalem
124 nvidia-persistenced
999 systemd-coredump
998 tomcat
125 stunnel4
0 root
1 daemon
2 bin
3 sys
4 sync
5 games
6 man
7 lp
8 mail
9 news
10 uucp
13 proxy
33 www-data
34 backup
38 list
39 irc
41 gnats
65534 nobody
100 systemd-timesync
101 systemd-network
102 systemd-resolve
103 messagebus
104 syslog
105 _apt
106 uuidd
107 avahi-autoipd
108 usbmux
109 rtkit
110 dnsmasq
111 cups-pk-helper
112 speech-dispatcher
113 kernoops
114 avahi
115 saned
116 nm-openvpn
117 whoopsie
118 colord
119 hplip
120 geoclue
121 pulse
122 gnome-initial-setup
123 gdm
1000 natalem
124 nvidia-persistenced
999 systemd-coredump
998 tomcat
125 stunnel4
