
/var/log/alternatives.log\n\n

/var/log/alternatives.log.1\n\n

/var/log/apport.log\n\n

/var/log/apport.log.1\n\n

/var/log/apport.log.2.gz\n\n

/var/log/apport.log.3.gz\n\n

/var/log/apport.log.4.gz\n\n

/var/log/apport.log.5.gz\n\n

/var/log/apport.log.6.gz\n\n

/var/log/apport.log.7.gz\n\n

/var/log/auth.log\n\n

/var/log/auth.log.1\n\n

/var/log/auth.log.2.gz\n\n

/var/log/boot.log\n\n

/var/log/bootstrap.log\n\n

/var/log/btmp\n\n

/var/log/btmp.1\n\n

/var/log/dmesg\n\n

/var/log/dmesg.0\n\n

/var/log/dmesg.1.gz\n\n

/var/log/dmesg.2.gz\n\n

/var/log/dmesg.3.gz\n\n

/var/log/dmesg.4.gz\n\n

/var/log/dpkg.log\n\n

/var/log/dpkg.log.1\n\n

/var/log/faillog\n\n

/var/log/fontconfig.log\n\n

/var/log/gpu-manager.log\n\n

/var/log/gpu-manager-switch.log\n\n

/var/log/kern.log\n\n

/var/log/kern.log.1\n\n

/var/log/kern.log.2.gz\n\n

/var/log/lastlog\n\n

/var/log/syslog\n\n

/var/log/syslog.1\n\n

/var/log/syslog.2.gz\n\n

/var/log/syslog.3.gz\n\n

/var/log/syslog.4.gz\n\n

/var/log/syslog.5.gz\n\n

/var/log/syslog.6.gz\n\n

/var/log/syslog.7.gz\n\n

/var/log/wtmp\n\n

/var/log/Xorg.0.log\n\n

/var/log/Xorg.0.log.old\n\n

